<?xml version="1.0" encoding="UTF-8"?>
<!-- Generated by org.testng.reporters.JUnitReportReporter -->
<testsuite hostname="DESKTOP-NVKRUUO" failures="0" tests="1" name="tests.ui.checkout.CheckoutTests" time="1.949" errors="0" timestamp="2022-05-20T16:39:59 EET" skipped="0">
  <testcase classname="tests.ui.checkout.CheckoutTests" name="testCheckoutToCompleteTheOrder" time="1.949"/>
  <system-out/>
</testsuite> <!-- tests.ui.checkout.CheckoutTests -->
