<?xml version="1.0" encoding="UTF-8"?>
<!-- Generated by org.testng.reporters.JUnitReportReporter -->
<testsuite hostname="DESKTOP-NVKRUUO" failures="0" tests="3" name="tests.ui.cart.CartTests" time="2.013" errors="0" timestamp="2022-05-20T16:39:59 EET" skipped="0">
  <testcase classname="tests.ui.cart.CartTests" name="checkTheDataOfTheBackpack" time="0.365"/>
  <system-out/>
  <testcase classname="tests.ui.cart.CartTests" name="clickAddItemsToCartThenCheckExistenceOfRemoveButton" time="0.580"/>
  <system-out/>
  <testcase classname="tests.ui.cart.CartTests" name="checkThatTheItemsAddedWillReflectOnTheShoppingCart" time="1.068"/>
  <system-out/>
</testsuite> <!-- tests.ui.cart.CartTests -->
