<?xml version="1.0" encoding="UTF-8"?>
<!-- Generated by org.testng.reporters.JUnitReportReporter -->
<testsuite hostname="DESKTOP-NVKRUUO" failures="0" tests="3" name="tests.ui.cart.CartTests" time="1.808" errors="0" timestamp="2022-03-12T15:58:23 EET" skipped="0">
  <testcase classname="tests.ui.cart.CartTests" name="checkTheDataOfTheBackpack" time="0.847"/>
  <system-out/>
  <testcase classname="tests.ui.cart.CartTests" name="clickAddItemsToCartThenCheckExistenceOfRemoveButton" time="0.358"/>
  <system-out/>
  <testcase classname="tests.ui.cart.CartTests" name="checkThatTheItemsAddedWillReflectOnTheShoppingCart" time="0.603"/>
  <system-out/>
</testsuite> <!-- tests.ui.cart.CartTests -->
