<?xml version="1.0" encoding="UTF-8"?>
<!-- Generated by org.testng.reporters.JUnitReportReporter -->
<testsuite hostname="DESKTOP-NVKRUUO" failures="0" tests="1" name="tests.ui.login.LoginTests" time="1.551" errors="0" timestamp="2022-05-20T16:39:59 EET" skipped="0">
  <testcase classname="tests.ui.login.LoginTests" name="testLoginAsStandardUserWithValidCredentials" time="1.551"/>
  <system-out/>
</testsuite> <!-- tests.ui.login.LoginTests -->
